[06-Feb-2020 04:44:04 UTC] PHP Deprecated:  Non-static method deactivation_hooks::delete_user_on_deactivation() should not be called statically in /var/www/html/2020/wp-basics/wp-includes/class-wp-hook.php on line 288
[06-Feb-2020 04:44:06 UTC] PHP Deprecated:  Non-static method activation_hooks::create_user_on_activation() should not be called statically in /var/www/html/2020/wp-basics/wp-includes/class-wp-hook.php on line 288
[06-Feb-2020 05:37:11 UTC] TEST
[06-Feb-2020 05:37:11 UTC] 
[06-Feb-2020 05:44:42 UTC] TEST
[06-Feb-2020 05:44:42 UTC] 
[06-Feb-2020 06:10:02 UTC] PHP Warning:  require(/var/www/html/2020/wp-basics/wp-content/themes/twentytwenty/inc/custom-functions.php): failed to open stream: No such file or directory in /var/www/html/2020/wp-basics/wp-content/themes/twentytwenty/functions.php on line 177
[06-Feb-2020 06:10:02 UTC] PHP Fatal error:  require(): Failed opening required '/var/www/html/2020/wp-basics/wp-content/themes/twentytwenty/inc/custom-functions.php' (include_path='.:/usr/share/php') in /var/www/html/2020/wp-basics/wp-content/themes/twentytwenty/functions.php on line 177
[06-Feb-2020 06:10:15 UTC] PHP Warning:  require(/var/www/html/2020/wp-basics/wp-content/themes/twentytwenty/inc/custom-functions.php): failed to open stream: No such file or directory in /var/www/html/2020/wp-basics/wp-content/themes/twentytwenty/functions.php on line 177
[06-Feb-2020 06:10:15 UTC] PHP Fatal error:  require(): Failed opening required '/var/www/html/2020/wp-basics/wp-content/themes/twentytwenty/inc/custom-functions.php' (include_path='.:/usr/share/php') in /var/www/html/2020/wp-basics/wp-content/themes/twentytwenty/functions.php on line 177
[06-Feb-2020 06:10:16 UTC] PHP Warning:  require(/var/www/html/2020/wp-basics/wp-content/themes/twentytwenty/inc/custom-functions.php): failed to open stream: No such file or directory in /var/www/html/2020/wp-basics/wp-content/themes/twentytwenty/functions.php on line 177
[06-Feb-2020 06:10:16 UTC] PHP Fatal error:  require(): Failed opening required '/var/www/html/2020/wp-basics/wp-content/themes/twentytwenty/inc/custom-functions.php' (include_path='.:/usr/share/php') in /var/www/html/2020/wp-basics/wp-content/themes/twentytwenty/functions.php on line 177
[06-Feb-2020 06:10:25 UTC] PHP Warning:  require(/var/www/html/2020/wp-basics/wp-content/themes/twentytwenty/inc/custom-functions.php): failed to open stream: No such file or directory in /var/www/html/2020/wp-basics/wp-content/themes/twentytwenty/functions.php on line 177
[06-Feb-2020 06:10:25 UTC] PHP Fatal error:  require(): Failed opening required '/var/www/html/2020/wp-basics/wp-content/themes/twentytwenty/inc/custom-functions.php' (include_path='.:/usr/share/php') in /var/www/html/2020/wp-basics/wp-content/themes/twentytwenty/functions.php on line 177
[06-Feb-2020 06:10:32 UTC] PHP Warning:  require(/var/www/html/2020/wp-basics/wp-content/themes/twentytwenty/inc/custom-functions.php): failed to open stream: No such file or directory in /var/www/html/2020/wp-basics/wp-content/themes/twentytwenty/functions.php on line 177
[06-Feb-2020 06:10:32 UTC] PHP Fatal error:  require(): Failed opening required '/var/www/html/2020/wp-basics/wp-content/themes/twentytwenty/inc/custom-functions.php' (include_path='.:/usr/share/php') in /var/www/html/2020/wp-basics/wp-content/themes/twentytwenty/functions.php on line 177
[06-Feb-2020 06:10:33 UTC] PHP Warning:  require(/var/www/html/2020/wp-basics/wp-content/themes/twentytwenty/inc/custom-functions.php): failed to open stream: No such file or directory in /var/www/html/2020/wp-basics/wp-content/themes/twentytwenty/functions.php on line 177
[06-Feb-2020 06:10:33 UTC] PHP Fatal error:  require(): Failed opening required '/var/www/html/2020/wp-basics/wp-content/themes/twentytwenty/inc/custom-functions.php' (include_path='.:/usr/share/php') in /var/www/html/2020/wp-basics/wp-content/themes/twentytwenty/functions.php on line 177
[06-Feb-2020 06:10:33 UTC] PHP Warning:  require(/var/www/html/2020/wp-basics/wp-content/themes/twentytwenty/inc/custom-functions.php): failed to open stream: No such file or directory in /var/www/html/2020/wp-basics/wp-content/themes/twentytwenty/functions.php on line 177
[06-Feb-2020 06:10:33 UTC] PHP Fatal error:  require(): Failed opening required '/var/www/html/2020/wp-basics/wp-content/themes/twentytwenty/inc/custom-functions.php' (include_path='.:/usr/share/php') in /var/www/html/2020/wp-basics/wp-content/themes/twentytwenty/functions.php on line 177
[06-Feb-2020 06:10:37 UTC] PHP Warning:  require(/var/www/html/2020/wp-basics/wp-content/themes/twentytwenty/inc/custom-functions.php): failed to open stream: No such file or directory in /var/www/html/2020/wp-basics/wp-content/themes/twentytwenty/functions.php on line 177
[06-Feb-2020 06:10:37 UTC] PHP Fatal error:  require(): Failed opening required '/var/www/html/2020/wp-basics/wp-content/themes/twentytwenty/inc/custom-functions.php' (include_path='.:/usr/share/php') in /var/www/html/2020/wp-basics/wp-content/themes/twentytwenty/functions.php on line 177
[06-Feb-2020 06:11:12 UTC] PHP Warning:  Illegal string offset 'ID' in /var/www/html/2020/wp-basics/wp-content/plugins/advanced-custom-fields-pro/api/api-field-group.php on line 369
[06-Feb-2020 06:11:12 UTC] PHP Warning:  Illegal string offset 'title' in /var/www/html/2020/wp-basics/wp-content/plugins/advanced-custom-fields-pro/api/api-field-group.php on line 370
[06-Feb-2020 06:11:12 UTC] PHP Warning:  Illegal string offset 'key' in /var/www/html/2020/wp-basics/wp-content/plugins/advanced-custom-fields-pro/api/api-field-group.php on line 371
[06-Feb-2020 06:11:12 UTC] PHP Warning:  Cannot assign an empty string to a string offset in /var/www/html/2020/wp-basics/wp-content/plugins/advanced-custom-fields-pro/api/api-field-group.php on line 371
[06-Feb-2020 06:11:12 UTC] PHP Warning:  Illegal string offset 'menu_order' in /var/www/html/2020/wp-basics/wp-content/plugins/advanced-custom-fields-pro/api/api-field-group.php on line 372
[06-Feb-2020 06:11:12 UTC] PHP Warning:  Illegal string offset 'active' in /var/www/html/2020/wp-basics/wp-content/plugins/advanced-custom-fields-pro/api/api-field-group.php on line 373
[06-Feb-2020 06:11:12 UTC] PHP Warning:  Illegal string offset 'key' in /var/www/html/2020/wp-basics/wp-content/plugins/advanced-custom-fields-pro/api/api-field-group.php on line 377
